dimmer

44%

2022-10-11 16:24:22,613 - enocean.communicators.SerialCommunicator - DEBUG - FF:D5:C9:82->FF:FF:FF:FF (-68 dBm): 0x01 ['0xa5', '0x2', '0x2c', '0x0', '0x9', '0xff', '0xd5', '0xc9', '0x82', '0x0'] ['0x0', '0xff', '0xff', '0xff', '0xff', '0x44', '0x0'] OrderedDict()
2022-10-11 16:24:22.613 DEBUG (Thread-2) [enocean.communicators.SerialCommunicator] FF:D5:C9:82->FF:FF:FF:FF (-68 dBm): 0x01 ['0xa5', '0x2', '0x2c', '0x0', '0x9', '0xff', '0xd5', '0xc9', '0x82', '0x0'] ['0x0', '0xff', '0xff', '0xff', '0xff', '0x44', '0x0'] OrderedDict()
TMP: {'description': 'Temperature (linear)', 'unit': '°C', 'value': 40.0, 'raw_value': 0}
2022-10-11 16:24:24,800 - enocean.communicators.SerialCommunicator - DEBUG - FF:F5:C6:B1->FF:FF:FF:FF (-65 dBm): 0x01 ['0xa5', '0x2', '0x2c', '0x0', '0x9', '0xff', '0xf5', '0xc6', '0xb1', '0x0'] ['0x0', '0xff', '0xff', '0xff', '0xff', '0x41', '0x0'] OrderedDict()
2022-10-11 16:24:24,801 - enocean.communicators.SerialCommunicator - DEBUG - FF:F5:C6:B2->FF:FF:FF:FF (-64 dBm): 0x01 ['0xa5', '0x2', '0x2c', '0x0', '0x9', '0xff', '0xf5', '0xc6', '0xb2', '0x0'] ['0x0', '0xff', '0xff', '0xff', '0xff', '0x40', '0x0'] OrderedDict()
TMP: {'description': 'Temperature (linear)', 'unit': '°C', 'value': 40.0, 'raw_value': 0}
TMP: {'description': 'Temperature (linear)', 'unit': '°C', 'value': 40.0, 'raw_value': 0}
2022-10-11 16:24:24.800 DEBUG (Thread-2) [enocean.communicators.SerialCommunicator] FF:F5:C6:B1->FF:FF:FF:FF (-65 dBm): 0x01 ['0xa5', '0x2', '0x2c', '0x0', '0x9', '0xff', '0xf5', '0xc6', '0xb1', '0x0'] ['0x0', '0xff', '0xff', '0xff', '0xff', '0x41', '0x0'] OrderedDict()
2022-10-11 16:24:24.801 DEBUG (Thread-2) [enocean.communicators.SerialCommunicator] FF:F5:C6:B2->FF:FF:FF:FF (-64 dBm): 0x01 ['0xa5', '0x2', '0x2c', '0x0', '0x9', '0xff', '0xf5', '0xc6', '0xb2', '0x0'] ['0x0', '0xff', '0xff', '0xff', '0xff', '0x40', '0x0'] OrderedDict()


73%

2022-10-11 16:24:41,918 - enocean.communicators.SerialCommunicator - DEBUG - FF:D5:C9:82->FF:FF:FF:FF (-71 dBm): 0x01 ['0xa5', '0x2', '0x49', '0x0', '0x9', '0xff', '0xd5', '0xc9', '0x82', '0x0'] ['0x0', '0xff', '0xff', '0xff', '0xff', '0x47', '0x0'] OrderedDict()
TMP: {'description': 'Temperature (linear)', 'unit': '°C', 'value': 40.0, 'raw_value': 0}
2022-10-11 16:24:41.918 DEBUG (Thread-2) [enocean.communicators.SerialCommunicator] FF:D5:C9:82->FF:FF:FF:FF (-71 dBm): 0x01 ['0xa5', '0x2', '0x49', '0x0', '0x9', '0xff', '0xd5', '0xc9', '0x82', '0x0'] ['0x0', '0xff', '0xff', '0xff', '0xff', '0x47', '0x0'] OrderedDict([('TMP', {'description': 'Temperature (linear)', 'unit': '°C', 'value': 40.0, 'raw_value': 0})])
2022-10-11 16:24:44,648 - enocean.communicators.SerialCommunicator - DEBUG - FF:F5:C6:B1->FF:FF:FF:FF (-64 dBm): 0x01 ['0xa5', '0x2', '0x49', '0x0', '0x9', '0xff', '0xf5', '0xc6', '0xb1', '0x0'] ['0x0', '0xff', '0xff', '0xff', '0xff', '0x40', '0x0'] OrderedDict()
2022-10-11 16:24:44,649 - enocean.communicators.SerialCommunicator - DEBUG - FF:F5:C6:B2->FF:FF:FF:FF (-64 dBm): 0x01 ['0xa5', '0x2', '0x49', '0x0', '0x9', '0xff', '0xf5', '0xc6', '0xb2', '0x0'] ['0x0', '0xff', '0xff', '0xff', '0xff', '0x40', '0x0'] OrderedDict()
2022-10-11 16:24:44.648 DEBUG (Thread-2) [enocean.communicators.SerialCommunicator] FF:F5:C6:B1->FF:FF:FF:FF (-64 dBm): 0x01 ['0xa5', '0x2', '0x49', '0x0', '0x9', '0xff', '0xf5', '0xc6', '0xb1', '0x0'] ['0x0', '0xff', '0xff', '0xff', '0xff', '0x40', '0x0'] OrderedDict()
TMP: {'description': 'Temperature (linear)', 'unit': '°C', 'value': 40.0, 'raw_value': 0}
TMP: {'description': 'Temperature (linear)', 'unit': '°C', 'value': 40.0, 'raw_value': 0}
2022-10-11 16:24:44.649 DEBUG (Thread-2) [enocean.communicators.SerialCommunicator] FF:F5:C6:B2->FF:FF:FF:FF (-64 dBm): 0x01 ['0xa5', '0x2', '0x49', '0x0', '0x9', '0xff', '0xf5', '0xc6', '0xb2', '0x0'] ['0x0', '0xff', '0xff', '0xff', '0xff', '0x40', '0x0'] OrderedDict()

Priority

2022-10-11 16:27:02,441 - enocean.communicators.SerialCommunicator - DEBUG - FF:D5:C9:80->FF:FF:FF:FF (-70 dBm): 0x01 ['0xa5', '0x1', '0x0', '0x0', '0xc', '0xff', '0xd5', '0xc9', '0x80', '0x0'] ['0x0', '0xff', '0xff', '0xff', '0xff', '0x46', '0x0'] OrderedDict()
TMP: {'description': 'Temperature (linear)', 'unit': '°C', 'value': 40.0, 'raw_value': 0}
2022-10-11 16:27:02.441 DEBUG (Thread-2) [enocean.communicators.SerialCommunicator] FF:D5:C9:80->FF:FF:FF:FF (-70 dBm): 0x01 ['0xa5', '0x1', '0x0', '0x0', '0xc', '0xff', '0xd5', '0xc9', '0x80', '0x0'] ['0x0', '0xff', '0xff', '0xff', '0xff', '0x46', '0x0'] OrderedDict()
2022-10-11 16:27:03,289 - enocean.communicators.SerialCommunicator - DEBUG - FF:F5:C6:8A->FF:FF:FF:FF (-64 dBm): 0x01 ['0xf6', '0x50', '0xff', '0xf5', '0xc6', '0x8a', '0x30'] ['0x0', '0xff', '0xff', '0xff', '0xff', '0x40', '0x0'] OrderedDict()
R1: {'description': 'Rocker 1st action', 'unit': '', 'value': 'Button BI', 'raw_value': 2}
EB: {'description': 'Energy bow', 'unit': '', 'value': 'pressed', 'raw_value': 1}
R2: {'description': 'Rocker 2nd action', 'unit': '', 'value': 'Button AI', 'raw_value': 0}
SA: {'description': '2nd action', 'unit': '', 'value': 'No 2nd action', 'raw_value': 0}
T21: {'description': 'T21', 'unit': '', 'value': True, 'raw_value': 1}
2022-10-11 16:27:03.289 DEBUG (Thread-2) [enocean.communicators.SerialCommunicator] FF:F5:C6:8A->FF:FF:FF:FF (-64 dBm): 0x01 ['0xf6', '0x50', '0xff', '0xf5', '0xc6', '0x8a', '0x30'] ['0x0', '0xff', '0xff', '0xff', '0xff', '0x40', '0x0'] OrderedDict()
NU: {'description': 'NU', 'unit': '', 'value': True, 'raw_value': 1}

volet ch bureau

2022-10-11 16:29:08,866 - enocean.communicators.SerialCommunicator - DEBUG - FF:D5:C9:8C->FF:FF:FF:FF (-68 dBm): 0x01 ['0xa5', '0x0', '0x78', '0x2', '0xa', '0xff', '0xd5', '0xc9', '0x8c', '0x0'] ['0x0', '0xff', '0xff', '0xff', '0xff', '0x44', '0x0'] OrderedDict()
2022-10-11 16:29:08.866 DEBUG (Thread-2) [enocean.communicators.SerialCommunicator] FF:D5:C9:8C->FF:FF:FF:FF (-68 dBm): 0x01 ['0xa5', '0x0', '0x78', '0x2', '0xa', '0xff', '0xd5', '0xc9', '0x8c', '0x0'] ['0x0', '0xff', '0xff', '0xff', '0xff', '0x44', '0x0'] OrderedDict()
TMP: {'description': 'Temperature (linear)', 'unit': '°C', 'value': 39.68627450980392, 'raw_value': 2}
2022-10-11 16:29:09,808 - enocean.communicators.SerialCommunicator - DEBUG - FF:F5:C6:DB->FF:FF:FF:FF (-64 dBm): 0x01 ['0xf6', '0x2', '0xff', '0xf5', '0xc6', '0xdb', '0x30'] ['0x0', '0xff', '0xff', '0xff', '0xff', '0x40', '0x0'] OrderedDict()
R1: {'description': 'Rocker 1st action', 'unit': '', 'value': 'Button AI', 'raw_value': 0}
2022-10-11 16:29:09.808 DEBUG (Thread-2) [enocean.communicators.SerialCommunicator] FF:F5:C6:DB->FF:FF:FF:FF (-64 dBm): 0x01 ['0xf6', '0x2', '0xff', '0xf5', '0xc6', '0xdb', '0x30'] ['0x0', '0xff', '0xff', '0xff', '0xff', '0x40', '0x0'] OrderedDict([('R1', {'description': 'Rocker 1st action', 'unit': '', 'value': 'Button AI', 'raw_value': 0}), ('EB', {'description': 'Energy bow', 'unit': '', 'value': 'released', 'raw_value': 0}), ('R2', {'description': 'Rocker 2nd action', 'unit': '', 'value': 'Button AO', 'raw_value': 1}), ('SA', {'description': '2nd action', 'unit': '', 'value': 'No 2nd action', 'raw_value': 0}), ('T21', {'description': 'T21', 'unit': '', 'value': True, 'raw_value': 1}), ('NU', {'description': 'NU', 'unit': '', 'value': True, 'raw_value': 1})])
EB: {'description': 'Energy bow', 'unit': '', 'value': 'released', 'raw_value': 0}
R2: {'description': 'Rocker 2nd action', 'unit': '', 'value': 'Button AO', 'raw_value': 1}
SA: {'description': '2nd action', 'unit': '', 'value': 'No 2nd action', 'raw_value': 0}
T21: {'description': 'T21', 'unit': '', 'value': True, 'raw_value': 1}
NU: {'description': 'NU', 'unit': '', 'value': True, 'raw_value': 1}

A la fin du volet

2022-10-11 16:29:21,468 - enocean.communicators.SerialCommunicator - DEBUG - FF:F5:C6:DB->FF:FF:FF:FF (-65 dBm): 0x01 ['0xa5', '0x0', '0x78', '0x2', '0xa', '0xff', '0xf5', '0xc6', '0xdb', '0x20'] ['0x0', '0xff', '0xff', '0xff', '0xff', '0x41', '0x0'] OrderedDict()
2022-10-11 16:29:21.468 DEBUG (Thread-2) [enocean.communicators.SerialCommunicator] FF:F5:C6:DB->FF:FF:FF:FF (-65 dBm): 0x01 ['0xa5', '0x0', '0x78', '0x2', '0xa', '0xff', '0xf5', '0xc6', '0xdb', '0x20'] ['0x0', '0xff', '0xff', '0xff', '0xff', '0x41', '0x0'] OrderedDict()
TMP: {'description': 'Temperature (linear)', 'unit': '°C', 'value': 39.68627450980392, 'raw_value': 2}

